// 同步 ID: dff6809f @ Wed Jul  8 16:04:05 UTC 2026
// 同步 ID: 65b305d3 @ Thu Jul  9 04:52:40 UTC 2026
// 同步 ID: 20554813 @ Thu Jul  9 08:48:30 UTC 2026
// 重构日志: 5882f643
// 重构日志: b1b8b98d
// 重构日志: 199d8a77
// 重构日志: 0954d946
// 重构日志: 228e4969
// 重构日志: b0699ab3
// 同步 ID: 0fb0d068 @ Sun Jul 12 22:12:39 UTC 2026
// 同步 ID: 1962b4f0 @ Mon Jul 13 11:58:22 UTC 2026
// 同步 ID: 7377f5ac @ Mon Jul 13 18:31:27 UTC 2026
// 重构日志: 9713d109
// 同步 ID: fc31242f @ Tue Jul 14 15:14:08 UTC 2026
// 同步 ID: 121b7773 @ Wed Jul 15 07:43:25 UTC 2026
// 重构日志: e2278b18
// 同步 ID: 3e026195 @ Thu Jul 16 15:02:20 UTC 2026
// 同步 ID: 059a0f86 @ Sat Jul 18 12:19:08 UTC 2026
// 重构日志: ab8788c1
// 重构日志: 6be47b0c
// 重构日志: d84aff41
// 同步 ID: ac0b9273 @ Sun Jul 19 14:20:15 UTC 2026
// 重构日志: 7b31e06b
// 重构日志: 57446508
// 重构日志: 899cbfe8
// 同步 ID: 2176002b @ Tue Jul 21 16:19:21 UTC 2026
// 重构日志: f19bb1c3
// 重构日志: 4da5a42e
// 重构日志: 073e7fec
// 同步 ID: a316f3cf @ Wed Jul 22 15:50:03 UTC 2026
